<?xml version="1.0" encoding="UTF-8"?>
<testng-results skipped="0" failed="0" total="1" passed="1">
  <reporter-output>
  </reporter-output>
  <suite name="Default suite" duration-ms="25501" started-at="2017-07-28T18:44:44Z" finished-at="2017-07-28T18:45:10Z">
    <groups>
    </groups>
    <test name="Default test" duration-ms="25501" started-at="2017-07-28T18:44:44Z" finished-at="2017-07-28T18:45:10Z">
      <class name="DataDriven.Initiation">
        <test-method status="PASS" signature="checkValidUser()[pri:0, instance:DataDriven.Initiation@7ac7a4e4]" name="checkValidUser" duration-ms="25477" started-at="2017-07-29T00:14:44Z" finished-at="2017-07-29T00:15:10Z">
          <reporter-output>
          </reporter-output>
        </test-method> <!-- checkValidUser -->
      </class> <!-- DataDriven.Initiation -->
    </test> <!-- Default test -->
  </suite> <!-- Default suite -->
</testng-results>
